running egg_info
writing ../../build/selfie_py_pkg/selfie_py_pkg.egg-info/PKG-INFO
writing dependency_links to ../../build/selfie_py_pkg/selfie_py_pkg.egg-info/dependency_links.txt
writing entry points to ../../build/selfie_py_pkg/selfie_py_pkg.egg-info/entry_points.txt
writing requirements to ../../build/selfie_py_pkg/selfie_py_pkg.egg-info/requires.txt
writing top-level names to ../../build/selfie_py_pkg/selfie_py_pkg.egg-info/top_level.txt
reading manifest file '../../build/selfie_py_pkg/selfie_py_pkg.egg-info/SOURCES.txt'
writing manifest file '../../build/selfie_py_pkg/selfie_py_pkg.egg-info/SOURCES.txt'
running build
running build_py
copying selfie_py_pkg/move_ur3_node.py -> /home/ben/rs2/build/selfie_py_pkg/build/lib/selfie_py_pkg
running install
running install_lib
copying /home/ben/rs2/build/selfie_py_pkg/build/lib/selfie_py_pkg/move_ur3_node.py -> /home/ben/rs2/install/selfie_py_pkg/lib/python3.12/site-packages/selfie_py_pkg
byte-compiling /home/ben/rs2/install/selfie_py_pkg/lib/python3.12/site-packages/selfie_py_pkg/move_ur3_node.py to move_ur3_node.cpython-312.pyc
running install_data
running install_egg_info
removing '/home/ben/rs2/install/selfie_py_pkg/lib/python3.12/site-packages/selfie_py_pkg-0.0.0-py3.12.egg-info' (and everything under it)
Copying ../../build/selfie_py_pkg/selfie_py_pkg.egg-info to /home/ben/rs2/install/selfie_py_pkg/lib/python3.12/site-packages/selfie_py_pkg-0.0.0-py3.12.egg-info
running install_scripts
Installing move_ur3_node_app script to /home/ben/rs2/install/selfie_py_pkg/lib/selfie_py_pkg
writing list of installed files to '/home/ben/rs2/build/selfie_py_pkg/install.log'
