[1.145s] Invoking command in '/home/ben/rs2/ur3_selfie_drawing/selfie_py_pkg': PYTHONPATH=/home/ben/rs2/build/selfie_py_pkg/prefix_override:/usr/lib/python3/dist-packages/colcon_core/task/python/colcon_distutils_commands:/home/ben/rs2/install/selfie_py_pkg/lib/python3.12/site-packages:${PYTHONPATH} /usr/bin/python3 -W ignore:setup.py install is deprecated -W ignore:easy_install command is deprecated setup.py egg_info --egg-base ../../build/selfie_py_pkg build --build-base /home/ben/rs2/build/selfie_py_pkg/build install --record /home/ben/rs2/build/selfie_py_pkg/install.log --single-version-externally-managed install_data
[1.528s] running egg_info
[1.560s] writing ../../build/selfie_py_pkg/selfie_py_pkg.egg-info/PKG-INFO
[1.561s] writing dependency_links to ../../build/selfie_py_pkg/selfie_py_pkg.egg-info/dependency_links.txt
[1.561s] writing entry points to ../../build/selfie_py_pkg/selfie_py_pkg.egg-info/entry_points.txt
[1.561s] writing requirements to ../../build/selfie_py_pkg/selfie_py_pkg.egg-info/requires.txt
[1.561s] writing top-level names to ../../build/selfie_py_pkg/selfie_py_pkg.egg-info/top_level.txt
[1.622s] reading manifest file '../../build/selfie_py_pkg/selfie_py_pkg.egg-info/SOURCES.txt'
[1.623s] writing manifest file '../../build/selfie_py_pkg/selfie_py_pkg.egg-info/SOURCES.txt'
[1.623s] running build
[1.623s] running build_py
[1.623s] copying selfie_py_pkg/move_ur3_node.py -> /home/ben/rs2/build/selfie_py_pkg/build/lib/selfie_py_pkg
[1.623s] running install
[1.631s] running install_lib
[1.665s] copying /home/ben/rs2/build/selfie_py_pkg/build/lib/selfie_py_pkg/move_ur3_node.py -> /home/ben/rs2/install/selfie_py_pkg/lib/python3.12/site-packages/selfie_py_pkg
[1.666s] byte-compiling /home/ben/rs2/install/selfie_py_pkg/lib/python3.12/site-packages/selfie_py_pkg/move_ur3_node.py to move_ur3_node.cpython-312.pyc
[1.666s] running install_data
[1.667s] running install_egg_info
[1.705s] removing '/home/ben/rs2/install/selfie_py_pkg/lib/python3.12/site-packages/selfie_py_pkg-0.0.0-py3.12.egg-info' (and everything under it)
[1.705s] Copying ../../build/selfie_py_pkg/selfie_py_pkg.egg-info to /home/ben/rs2/install/selfie_py_pkg/lib/python3.12/site-packages/selfie_py_pkg-0.0.0-py3.12.egg-info
[1.707s] running install_scripts
[1.955s] Installing move_ur3_node_app script to /home/ben/rs2/install/selfie_py_pkg/lib/selfie_py_pkg
[1.956s] writing list of installed files to '/home/ben/rs2/build/selfie_py_pkg/install.log'
[2.000s] Invoked command in '/home/ben/rs2/ur3_selfie_drawing/selfie_py_pkg' returned '0': PYTHONPATH=/home/ben/rs2/build/selfie_py_pkg/prefix_override:/usr/lib/python3/dist-packages/colcon_core/task/python/colcon_distutils_commands:/home/ben/rs2/install/selfie_py_pkg/lib/python3.12/site-packages:${PYTHONPATH} /usr/bin/python3 -W ignore:setup.py install is deprecated -W ignore:easy_install command is deprecated setup.py egg_info --egg-base ../../build/selfie_py_pkg build --build-base /home/ben/rs2/build/selfie_py_pkg/build install --record /home/ben/rs2/build/selfie_py_pkg/install.log --single-version-externally-managed install_data
