running egg_info
creating ../../build/selfie_py_pkg/selfie_py_pkg.egg-info
writing ../../build/selfie_py_pkg/selfie_py_pkg.egg-info/PKG-INFO
writing dependency_links to ../../build/selfie_py_pkg/selfie_py_pkg.egg-info/dependency_links.txt
writing requirements to ../../build/selfie_py_pkg/selfie_py_pkg.egg-info/requires.txt
writing top-level names to ../../build/selfie_py_pkg/selfie_py_pkg.egg-info/top_level.txt
writing manifest file '../../build/selfie_py_pkg/selfie_py_pkg.egg-info/SOURCES.txt'
reading manifest file '../../build/selfie_py_pkg/selfie_py_pkg.egg-info/SOURCES.txt'
writing manifest file '../../build/selfie_py_pkg/selfie_py_pkg.egg-info/SOURCES.txt'
running build
running build_py
creating /home/ben/rs2/build/selfie_py_pkg/build
creating /home/ben/rs2/build/selfie_py_pkg/build/lib
creating /home/ben/rs2/build/selfie_py_pkg/build/lib/selfie_py_pkg
copying selfie_py_pkg/__init__.py -> /home/ben/rs2/build/selfie_py_pkg/build/lib/selfie_py_pkg
running install
running install_lib
creating /home/ben/rs2/install/selfie_py_pkg/lib/python3.12/site-packages/selfie_py_pkg
copying /home/ben/rs2/build/selfie_py_pkg/build/lib/selfie_py_pkg/__init__.py -> /home/ben/rs2/install/selfie_py_pkg/lib/python3.12/site-packages/selfie_py_pkg
byte-compiling /home/ben/rs2/install/selfie_py_pkg/lib/python3.12/site-packages/selfie_py_pkg/__init__.py to __init__.cpython-312.pyc
running install_data
creating /home/ben/rs2/install/selfie_py_pkg/share/ament_index
creating /home/ben/rs2/install/selfie_py_pkg/share/ament_index/resource_index
creating /home/ben/rs2/install/selfie_py_pkg/share/ament_index/resource_index/packages
copying resource/selfie_py_pkg -> /home/ben/rs2/install/selfie_py_pkg/share/ament_index/resource_index/packages
copying package.xml -> /home/ben/rs2/install/selfie_py_pkg/share/selfie_py_pkg
running install_egg_info
Copying ../../build/selfie_py_pkg/selfie_py_pkg.egg-info to /home/ben/rs2/install/selfie_py_pkg/lib/python3.12/site-packages/selfie_py_pkg-0.0.0-py3.12.egg-info
running install_scripts
writing list of installed files to '/home/ben/rs2/build/selfie_py_pkg/install.log'
