[1.851s] Invoking command in '/home/ben/rs2/ur3_selfie_drawing/selfie_py_pkg': PYTHONPATH=/home/ben/rs2/build/selfie_py_pkg/prefix_override:/usr/lib/python3/dist-packages/colcon_core/task/python/colcon_distutils_commands:/home/ben/rs2/install/selfie_py_pkg/lib/python3.12/site-packages:${PYTHONPATH} /usr/bin/python3 -W ignore:setup.py install is deprecated -W ignore:easy_install command is deprecated setup.py egg_info --egg-base ../../build/selfie_py_pkg build --build-base /home/ben/rs2/build/selfie_py_pkg/build install --record /home/ben/rs2/build/selfie_py_pkg/install.log --single-version-externally-managed install_data
[2.208s] running egg_info
[2.209s] creating ../../build/selfie_py_pkg/selfie_py_pkg.egg-info
[2.237s] writing ../../build/selfie_py_pkg/selfie_py_pkg.egg-info/PKG-INFO
[2.238s] writing dependency_links to ../../build/selfie_py_pkg/selfie_py_pkg.egg-info/dependency_links.txt
[2.238s] writing requirements to ../../build/selfie_py_pkg/selfie_py_pkg.egg-info/requires.txt
[2.238s] writing top-level names to ../../build/selfie_py_pkg/selfie_py_pkg.egg-info/top_level.txt
[2.238s] writing manifest file '../../build/selfie_py_pkg/selfie_py_pkg.egg-info/SOURCES.txt'
[2.294s] reading manifest file '../../build/selfie_py_pkg/selfie_py_pkg.egg-info/SOURCES.txt'
[2.295s] writing manifest file '../../build/selfie_py_pkg/selfie_py_pkg.egg-info/SOURCES.txt'
[2.295s] running build
[2.295s] running build_py
[2.295s] creating /home/ben/rs2/build/selfie_py_pkg/build
[2.295s] creating /home/ben/rs2/build/selfie_py_pkg/build/lib
[2.296s] creating /home/ben/rs2/build/selfie_py_pkg/build/lib/selfie_py_pkg
[2.296s] copying selfie_py_pkg/__init__.py -> /home/ben/rs2/build/selfie_py_pkg/build/lib/selfie_py_pkg
[2.297s] running install
[2.304s] running install_lib
[2.332s] creating /home/ben/rs2/install/selfie_py_pkg/lib/python3.12/site-packages/selfie_py_pkg
[2.333s] copying /home/ben/rs2/build/selfie_py_pkg/build/lib/selfie_py_pkg/__init__.py -> /home/ben/rs2/install/selfie_py_pkg/lib/python3.12/site-packages/selfie_py_pkg
[2.334s] byte-compiling /home/ben/rs2/install/selfie_py_pkg/lib/python3.12/site-packages/selfie_py_pkg/__init__.py to __init__.cpython-312.pyc
[2.335s] running install_data
[2.335s] creating /home/ben/rs2/install/selfie_py_pkg/share/ament_index
[2.336s] creating /home/ben/rs2/install/selfie_py_pkg/share/ament_index/resource_index
[2.336s] creating /home/ben/rs2/install/selfie_py_pkg/share/ament_index/resource_index/packages
[2.336s] copying resource/selfie_py_pkg -> /home/ben/rs2/install/selfie_py_pkg/share/ament_index/resource_index/packages
[2.336s] copying package.xml -> /home/ben/rs2/install/selfie_py_pkg/share/selfie_py_pkg
[2.336s] running install_egg_info
[2.364s] Copying ../../build/selfie_py_pkg/selfie_py_pkg.egg-info to /home/ben/rs2/install/selfie_py_pkg/lib/python3.12/site-packages/selfie_py_pkg-0.0.0-py3.12.egg-info
[2.365s] running install_scripts
[2.546s] writing list of installed files to '/home/ben/rs2/build/selfie_py_pkg/install.log'
[2.584s] Invoked command in '/home/ben/rs2/ur3_selfie_drawing/selfie_py_pkg' returned '0': PYTHONPATH=/home/ben/rs2/build/selfie_py_pkg/prefix_override:/usr/lib/python3/dist-packages/colcon_core/task/python/colcon_distutils_commands:/home/ben/rs2/install/selfie_py_pkg/lib/python3.12/site-packages:${PYTHONPATH} /usr/bin/python3 -W ignore:setup.py install is deprecated -W ignore:easy_install command is deprecated setup.py egg_info --egg-base ../../build/selfie_py_pkg build --build-base /home/ben/rs2/build/selfie_py_pkg/build install --record /home/ben/rs2/build/selfie_py_pkg/install.log --single-version-externally-managed install_data
