[0.017s] Invoking command in '/home/ben/rs2/build/selfie_cpp_pkg': CMAKE_PREFIX_PATH=${CMAKE_PREFIX_PATH}:/home/ben/LearnROS2/install/my_py_pkg:/opt/ros/jazzy /usr/bin/cmake /home/ben/rs2/ur3_selfie_drawing/selfie_cpp_pkg -DCMAKE_INSTALL_PREFIX=/home/ben/rs2/install/selfie_cpp_pkg
[0.390s] -- The C compiler identification is GNU 13.3.0
[1.457s] -- The CXX compiler identification is GNU 13.3.0
[2.346s] -- Detecting C compiler ABI info
[2.722s] -- Detecting C compiler ABI info - done
[2.733s] -- Check for working C compiler: /usr/bin/cc - skipped
[2.734s] -- Detecting C compile features
[2.735s] -- Detecting C compile features - done
[2.878s] -- Detecting CXX compiler ABI info
[3.249s] -- Detecting CXX compiler ABI info - done
[3.260s] -- Check for working CXX compiler: /usr/bin/c++ - skipped
[3.261s] -- Detecting CXX compile features
[3.261s] -- Detecting CXX compile features - done
[3.307s] -- Found ament_cmake: 2.5.3 (/opt/ros/jazzy/share/ament_cmake/cmake)
[3.506s] -- Found Python3: /usr/bin/python3 (found version "3.12.3") found components: Interpreter 
[3.708s] -- Found ament_lint_auto: 0.17.1 (/opt/ros/jazzy/share/ament_lint_auto/cmake)
[3.878s] -- Added test 'cppcheck' to perform static code analysis on C / C++ code
[3.878s] -- Configured cppcheck include dirs: 
[3.878s] -- Configured cppcheck exclude dirs and/or files: 
[3.881s] -- Added test 'lint_cmake' to check CMake code style
[3.884s] -- Added test 'uncrustify' to check C / C++ code style
[3.884s] -- Configured uncrustify additional arguments: 
[3.886s] -- Added test 'xmllint' to check XML markup files
[3.890s] -- Configuring done (3.9s)
[3.895s] -- Generating done (0.0s)
[3.897s] -- Build files have been written to: /home/ben/rs2/build/selfie_cpp_pkg
[3.902s] Invoked command in '/home/ben/rs2/build/selfie_cpp_pkg' returned '0': CMAKE_PREFIX_PATH=${CMAKE_PREFIX_PATH}:/home/ben/LearnROS2/install/my_py_pkg:/opt/ros/jazzy /usr/bin/cmake /home/ben/rs2/ur3_selfie_drawing/selfie_cpp_pkg -DCMAKE_INSTALL_PREFIX=/home/ben/rs2/install/selfie_cpp_pkg
[3.904s] Invoking command in '/home/ben/rs2/build/selfie_cpp_pkg': CMAKE_PREFIX_PATH=${CMAKE_PREFIX_PATH}:/home/ben/LearnROS2/install/my_py_pkg:/opt/ros/jazzy /usr/bin/cmake --build /home/ben/rs2/build/selfie_cpp_pkg -- -j6 -l6
[3.950s] Invoked command in '/home/ben/rs2/build/selfie_cpp_pkg' returned '0': CMAKE_PREFIX_PATH=${CMAKE_PREFIX_PATH}:/home/ben/LearnROS2/install/my_py_pkg:/opt/ros/jazzy /usr/bin/cmake --build /home/ben/rs2/build/selfie_cpp_pkg -- -j6 -l6
[3.962s] Invoking command in '/home/ben/rs2/build/selfie_cpp_pkg': CMAKE_PREFIX_PATH=${CMAKE_PREFIX_PATH}:/home/ben/LearnROS2/install/my_py_pkg:/opt/ros/jazzy /usr/bin/cmake --install /home/ben/rs2/build/selfie_cpp_pkg
[3.972s] -- Install configuration: ""
[3.973s] -- Installing: /home/ben/rs2/install/selfie_cpp_pkg/share/ament_index/resource_index/package_run_dependencies/selfie_cpp_pkg
[3.973s] -- Installing: /home/ben/rs2/install/selfie_cpp_pkg/share/ament_index/resource_index/parent_prefix_path/selfie_cpp_pkg
[3.973s] -- Installing: /home/ben/rs2/install/selfie_cpp_pkg/share/selfie_cpp_pkg/environment/ament_prefix_path.sh
[3.974s] -- Installing: /home/ben/rs2/install/selfie_cpp_pkg/share/selfie_cpp_pkg/environment/ament_prefix_path.dsv
[3.974s] -- Installing: /home/ben/rs2/install/selfie_cpp_pkg/share/selfie_cpp_pkg/environment/path.sh
[3.974s] -- Installing: /home/ben/rs2/install/selfie_cpp_pkg/share/selfie_cpp_pkg/environment/path.dsv
[3.975s] -- Installing: /home/ben/rs2/install/selfie_cpp_pkg/share/selfie_cpp_pkg/local_setup.bash
[3.975s] -- Installing: /home/ben/rs2/install/selfie_cpp_pkg/share/selfie_cpp_pkg/local_setup.sh
[3.975s] -- Installing: /home/ben/rs2/install/selfie_cpp_pkg/share/selfie_cpp_pkg/local_setup.zsh
[3.975s] -- Installing: /home/ben/rs2/install/selfie_cpp_pkg/share/selfie_cpp_pkg/local_setup.dsv
[3.976s] -- Installing: /home/ben/rs2/install/selfie_cpp_pkg/share/selfie_cpp_pkg/package.dsv
[3.976s] -- Installing: /home/ben/rs2/install/selfie_cpp_pkg/share/ament_index/resource_index/packages/selfie_cpp_pkg
[3.976s] -- Installing: /home/ben/rs2/install/selfie_cpp_pkg/share/selfie_cpp_pkg/cmake/selfie_cpp_pkgConfig.cmake
[3.977s] -- Installing: /home/ben/rs2/install/selfie_cpp_pkg/share/selfie_cpp_pkg/cmake/selfie_cpp_pkgConfig-version.cmake
[3.977s] -- Installing: /home/ben/rs2/install/selfie_cpp_pkg/share/selfie_cpp_pkg/package.xml
[3.979s] Invoked command in '/home/ben/rs2/build/selfie_cpp_pkg' returned '0': CMAKE_PREFIX_PATH=${CMAKE_PREFIX_PATH}:/home/ben/LearnROS2/install/my_py_pkg:/opt/ros/jazzy /usr/bin/cmake --install /home/ben/rs2/build/selfie_cpp_pkg
