[0.471s] DEBUG:colcon:Command line arguments: ['/usr/bin/colcon', 'build', '--packages-select', 'image_processing_pkg', '--symlink-install']
[0.471s] DEBUG:colcon:Parsed command line arguments: Namespace(log_base=None, log_level=None, verb_name='build', build_base='build', install_base='install', merge_install=False, symlink_install=True, test_result_base=None, continue_on_error=False, executor='parallel', parallel_workers=12, event_handlers=None, ignore_user_meta=False, metas=['./colcon.meta'], base_paths=['.'], packages_ignore=None, packages_ignore_regex=None, paths=None, packages_up_to=None, packages_up_to_regex=None, packages_above=None, packages_above_and_dependencies=None, packages_above_depth=None, packages_select_by_dep=None, packages_skip_by_dep=None, packages_skip_up_to=None, packages_select_build_failed=False, packages_skip_build_finished=False, packages_select_test_failures=False, packages_skip_test_passed=False, packages_select=['image_processing_pkg'], packages_skip=None, packages_select_regex=None, packages_skip_regex=None, packages_start=None, packages_end=None, allow_overriding=[], cmake_args=None, cmake_target=None, cmake_target_skip_unavailable=False, cmake_clean_cache=False, cmake_clean_first=False, cmake_force_configure=False, ament_cmake_args=None, catkin_cmake_args=None, catkin_skip_building_tests=False, mixin_files=None, mixin=None, verb_parser=<colcon_mixin.mixin.mixin_argument.MixinArgumentDecorator object at 0x7f1c118b3400>, verb_extension=<colcon_core.verb.build.BuildVerb object at 0x7f1c118b2e90>, main=<bound method BuildVerb.main of <colcon_core.verb.build.BuildVerb object at 0x7f1c118b2e90>>, mixin_verb=('build',))
[1.184s] Level 1:colcon.colcon_core.package_discovery:discover_packages(colcon_meta) check parameters
[1.184s] Level 1:colcon.colcon_core.package_discovery:discover_packages(recursive) check parameters
[1.184s] Level 1:colcon.colcon_core.package_discovery:discover_packages(ignore) check parameters
[1.184s] Level 1:colcon.colcon_core.package_discovery:discover_packages(path) check parameters
[1.184s] Level 1:colcon.colcon_core.package_discovery:discover_packages(colcon_meta) discover
[1.184s] Level 1:colcon.colcon_core.package_discovery:discover_packages(recursive) discover
[1.184s] INFO:colcon.colcon_core.package_discovery:Crawling recursively for packages in '/home/milarb/rs2/src'
[1.184s] Level 1:colcon.colcon_core.package_identification:_identify(.) by extensions ['ignore', 'ignore_ament_install']
[1.184s] Level 1:colcon.colcon_core.package_identification:_identify(.) by extension 'ignore'
[1.184s] Level 1:colcon.colcon_core.package_identification:_identify(.) by extension 'ignore_ament_install'
[1.184s] Level 1:colcon.colcon_core.package_identification:_identify(.) by extensions ['colcon_pkg']
[1.184s] Level 1:colcon.colcon_core.package_identification:_identify(.) by extension 'colcon_pkg'
[1.184s] Level 1:colcon.colcon_core.package_identification:_identify(.) by extensions ['colcon_meta']
[1.184s] Level 1:colcon.colcon_core.package_identification:_identify(.) by extension 'colcon_meta'
[1.184s] Level 1:colcon.colcon_core.package_identification:_identify(.) by extensions ['ros']
[1.184s] Level 1:colcon.colcon_core.package_identification:_identify(.) by extension 'ros'
[1.201s] Level 1:colcon.colcon_core.package_identification:_identify(.) by extensions ['cmake', 'python']
[1.202s] Level 1:colcon.colcon_core.package_identification:_identify(.) by extension 'cmake'
[1.202s] Level 1:colcon.colcon_core.package_identification:_identify(.) by extension 'python'
[1.202s] Level 1:colcon.colcon_core.package_identification:_identify(.) by extensions ['python_setup_py']
[1.202s] Level 1:colcon.colcon_core.package_identification:_identify(.) by extension 'python_setup_py'
[1.202s] Level 1:colcon.colcon_core.package_identification:_identify(build) by extensions ['ignore', 'ignore_ament_install']
[1.202s] Level 1:colcon.colcon_core.package_identification:_identify(build) by extension 'ignore'
[1.202s] Level 1:colcon.colcon_core.package_identification:_identify(build) ignored
[1.202s] Level 1:colcon.colcon_core.package_identification:_identify(image_processing_pkg) by extensions ['ignore', 'ignore_ament_install']
[1.202s] Level 1:colcon.colcon_core.package_identification:_identify(image_processing_pkg) by extension 'ignore'
[1.202s] Level 1:colcon.colcon_core.package_identification:_identify(image_processing_pkg) by extension 'ignore_ament_install'
[1.202s] Level 1:colcon.colcon_core.package_identification:_identify(image_processing_pkg) by extensions ['colcon_pkg']
[1.202s] Level 1:colcon.colcon_core.package_identification:_identify(image_processing_pkg) by extension 'colcon_pkg'
[1.202s] Level 1:colcon.colcon_core.package_identification:_identify(image_processing_pkg) by extensions ['colcon_meta']
[1.202s] Level 1:colcon.colcon_core.package_identification:_identify(image_processing_pkg) by extension 'colcon_meta'
[1.202s] Level 1:colcon.colcon_core.package_identification:_identify(image_processing_pkg) by extensions ['ros']
[1.202s] Level 1:colcon.colcon_core.package_identification:_identify(image_processing_pkg) by extension 'ros'
[1.206s] DEBUG:colcon.colcon_core.package_identification:Package 'image_processing_pkg' with type 'ros.ament_cmake' and name 'image_processing_pkg'
[1.207s] Level 1:colcon.colcon_core.package_identification:_identify(install) by extensions ['ignore', 'ignore_ament_install']
[1.207s] Level 1:colcon.colcon_core.package_identification:_identify(install) by extension 'ignore'
[1.207s] Level 1:colcon.colcon_core.package_identification:_identify(install) ignored
[1.207s] Level 1:colcon.colcon_core.package_identification:_identify(log) by extensions ['ignore', 'ignore_ament_install']
[1.207s] Level 1:colcon.colcon_core.package_identification:_identify(log) by extension 'ignore'
[1.207s] Level 1:colcon.colcon_core.package_identification:_identify(log) ignored
[1.207s] Level 1:colcon.colcon_core.package_identification:_identify(selfie_cpp_pkg) by extensions ['ignore', 'ignore_ament_install']
[1.208s] Level 1:colcon.colcon_core.package_identification:_identify(selfie_cpp_pkg) by extension 'ignore'
[1.208s] Level 1:colcon.colcon_core.package_identification:_identify(selfie_cpp_pkg) by extension 'ignore_ament_install'
[1.208s] Level 1:colcon.colcon_core.package_identification:_identify(selfie_cpp_pkg) by extensions ['colcon_pkg']
[1.208s] Level 1:colcon.colcon_core.package_identification:_identify(selfie_cpp_pkg) by extension 'colcon_pkg'
[1.208s] Level 1:colcon.colcon_core.package_identification:_identify(selfie_cpp_pkg) by extensions ['colcon_meta']
[1.208s] Level 1:colcon.colcon_core.package_identification:_identify(selfie_cpp_pkg) by extension 'colcon_meta'
[1.208s] Level 1:colcon.colcon_core.package_identification:_identify(selfie_cpp_pkg) by extensions ['ros']
[1.208s] Level 1:colcon.colcon_core.package_identification:_identify(selfie_cpp_pkg) by extension 'ros'
[1.209s] DEBUG:colcon.colcon_core.package_identification:Package 'selfie_cpp_pkg' with type 'ros.ament_cmake' and name 'selfie_cpp_pkg'
[1.209s] Level 1:colcon.colcon_core.package_identification:_identify(selfie_robot_bringup) by extensions ['ignore', 'ignore_ament_install']
[1.210s] Level 1:colcon.colcon_core.package_identification:_identify(selfie_robot_bringup) by extension 'ignore'
[1.210s] Level 1:colcon.colcon_core.package_identification:_identify(selfie_robot_bringup) by extension 'ignore_ament_install'
[1.210s] Level 1:colcon.colcon_core.package_identification:_identify(selfie_robot_bringup) by extensions ['colcon_pkg']
[1.210s] Level 1:colcon.colcon_core.package_identification:_identify(selfie_robot_bringup) by extension 'colcon_pkg'
[1.210s] Level 1:colcon.colcon_core.package_identification:_identify(selfie_robot_bringup) by extensions ['colcon_meta']
[1.210s] Level 1:colcon.colcon_core.package_identification:_identify(selfie_robot_bringup) by extension 'colcon_meta'
[1.210s] Level 1:colcon.colcon_core.package_identification:_identify(selfie_robot_bringup) by extensions ['ros']
[1.210s] Level 1:colcon.colcon_core.package_identification:_identify(selfie_robot_bringup) by extension 'ros'
[1.211s] DEBUG:colcon.colcon_core.package_identification:Package 'selfie_robot_bringup' with type 'ros.ament_cmake' and name 'selfie_robot_bringup'
[1.211s] Level 1:colcon.colcon_core.package_discovery:discover_packages(recursive) using defaults
[1.211s] Level 1:colcon.colcon_core.package_discovery:discover_packages(ignore) discover
[1.211s] Level 1:colcon.colcon_core.package_discovery:discover_packages(ignore) using defaults
[1.211s] Level 1:colcon.colcon_core.package_discovery:discover_packages(path) discover
[1.211s] Level 1:colcon.colcon_core.package_discovery:discover_packages(path) using defaults
[1.264s] INFO:colcon.colcon_core.package_selection:Skipping not selected package 'selfie_cpp_pkg' in 'selfie_cpp_pkg'
[1.264s] INFO:colcon.colcon_core.package_selection:Skipping not selected package 'selfie_robot_bringup' in 'selfie_robot_bringup'
[1.265s] Level 1:colcon.colcon_core.package_discovery:discover_packages(prefix_path) check parameters
[1.265s] Level 1:colcon.colcon_core.package_discovery:discover_packages(prefix_path) discover
[1.282s] DEBUG:colcon.colcon_installed_package_information.package_discovery:Found 6 installed packages in /home/milarb/rs2/install
[1.283s] DEBUG:colcon.colcon_installed_package_information.package_discovery:Found 16 installed packages in /home/milarb/ros2_ws/install
[1.286s] DEBUG:colcon.colcon_installed_package_information.package_discovery:Found 344 installed packages in /opt/ros/humble
[1.287s] Level 1:colcon.colcon_core.package_discovery:discover_packages(prefix_path) using defaults
[1.530s] Level 5:colcon.colcon_core.verb:set package 'image_processing_pkg' build argument 'cmake_args' from command line to 'None'
[1.530s] Level 5:colcon.colcon_core.verb:set package 'image_processing_pkg' build argument 'cmake_target' from command line to 'None'
[1.530s] Level 5:colcon.colcon_core.verb:set package 'image_processing_pkg' build argument 'cmake_target_skip_unavailable' from command line to 'False'
[1.530s] Level 5:colcon.colcon_core.verb:set package 'image_processing_pkg' build argument 'cmake_clean_cache' from command line to 'False'
[1.530s] Level 5:colcon.colcon_core.verb:set package 'image_processing_pkg' build argument 'cmake_clean_first' from command line to 'False'
[1.530s] Level 5:colcon.colcon_core.verb:set package 'image_processing_pkg' build argument 'cmake_force_configure' from command line to 'False'
[1.530s] Level 5:colcon.colcon_core.verb:set package 'image_processing_pkg' build argument 'ament_cmake_args' from command line to 'None'
[1.530s] Level 5:colcon.colcon_core.verb:set package 'image_processing_pkg' build argument 'catkin_cmake_args' from command line to 'None'
[1.530s] Level 5:colcon.colcon_core.verb:set package 'image_processing_pkg' build argument 'catkin_skip_building_tests' from command line to 'False'
[1.530s] DEBUG:colcon.colcon_core.verb:Building package 'image_processing_pkg' with the following arguments: {'ament_cmake_args': None, 'build_base': '/home/milarb/rs2/src/build/image_processing_pkg', 'catkin_cmake_args': None, 'catkin_skip_building_tests': False, 'cmake_args': None, 'cmake_clean_cache': False, 'cmake_clean_first': False, 'cmake_force_configure': False, 'cmake_target': None, 'cmake_target_skip_unavailable': False, 'install_base': '/home/milarb/rs2/src/install/image_processing_pkg', 'merge_install': False, 'path': '/home/milarb/rs2/src/image_processing_pkg', 'symlink_install': True, 'test_result_base': None}
[1.530s] INFO:colcon.colcon_core.executor:Executing jobs using 'parallel' executor
[1.532s] DEBUG:colcon.colcon_parallel_executor.executor.parallel:run_until_complete
[1.532s] INFO:colcon.colcon_ros.task.ament_cmake.build:Building ROS package in '/home/milarb/rs2/src/image_processing_pkg' with build type 'ament_cmake'
[1.532s] INFO:colcon.colcon_cmake.task.cmake.build:Building CMake package in '/home/milarb/rs2/src/image_processing_pkg'
[1.543s] INFO:colcon.colcon_core.plugin_system:Skipping extension 'colcon_core.shell.bat': Not used on non-Windows systems
[1.544s] INFO:colcon.colcon_core.shell:Skip shell extension 'powershell' for command environment: Not usable outside of PowerShell
[1.544s] DEBUG:colcon.colcon_core.shell:Skip shell extension 'dsv' for command environment
[1.558s] DEBUG:colcon.colcon_core.event_handler.log_command:Invoking command in '/home/milarb/rs2/src/build/image_processing_pkg': CMAKE_PREFIX_PATH=${CMAKE_PREFIX_PATH}:/home/milarb/rs2/install/selfie_py_pkg:/home/milarb/ros2_ws/install/sjtu_drone_control:/home/milarb/ros2_ws/install/sjtu_drone_bringup:/home/milarb/ros2_ws/install/rs2_package1:/home/milarb/ros2_ws/install/my_package:/opt/ros/humble /usr/bin/cmake /home/milarb/rs2/src/image_processing_pkg -DAMENT_CMAKE_SYMLINK_INSTALL=1 -DCMAKE_INSTALL_PREFIX=/home/milarb/rs2/src/install/image_processing_pkg
[16.999s] DEBUG:colcon.colcon_core.event_handler.log_command:Invoked command in '/home/milarb/rs2/src/build/image_processing_pkg' returned '1': CMAKE_PREFIX_PATH=${CMAKE_PREFIX_PATH}:/home/milarb/rs2/install/selfie_py_pkg:/home/milarb/ros2_ws/install/sjtu_drone_control:/home/milarb/ros2_ws/install/sjtu_drone_bringup:/home/milarb/ros2_ws/install/rs2_package1:/home/milarb/ros2_ws/install/my_package:/opt/ros/humble /usr/bin/cmake /home/milarb/rs2/src/image_processing_pkg -DAMENT_CMAKE_SYMLINK_INSTALL=1 -DCMAKE_INSTALL_PREFIX=/home/milarb/rs2/src/install/image_processing_pkg
[17.007s] Level 1:colcon.colcon_core.environment:create_environment_scripts_only(image_processing_pkg)
[17.016s] Level 1:colcon.colcon_core.environment:checking '/home/milarb/rs2/src/install/image_processing_pkg' for CMake module files
[17.016s] Level 1:colcon.colcon_core.environment:checking '/home/milarb/rs2/src/install/image_processing_pkg' for CMake config files
[17.017s] Level 1:colcon.colcon_core.environment:checking '/home/milarb/rs2/src/install/image_processing_pkg/bin'
[17.017s] Level 1:colcon.colcon_core.environment:checking '/home/milarb/rs2/src/install/image_processing_pkg/lib/pkgconfig/image_processing_pkg.pc'
[17.017s] Level 1:colcon.colcon_core.environment:checking '/home/milarb/rs2/src/install/image_processing_pkg/lib/python3.10/site-packages'
[17.017s] Level 1:colcon.colcon_core.environment:checking '/home/milarb/rs2/src/install/image_processing_pkg/bin'
[17.017s] INFO:colcon.colcon_core.shell:Creating package script '/home/milarb/rs2/src/install/image_processing_pkg/share/image_processing_pkg/package.ps1'
[17.020s] INFO:colcon.colcon_core.shell:Creating package descriptor '/home/milarb/rs2/src/install/image_processing_pkg/share/image_processing_pkg/package.dsv'
[17.021s] INFO:colcon.colcon_core.shell:Creating package script '/home/milarb/rs2/src/install/image_processing_pkg/share/image_processing_pkg/package.sh'
[17.022s] INFO:colcon.colcon_core.shell:Creating package script '/home/milarb/rs2/src/install/image_processing_pkg/share/image_processing_pkg/package.bash'
[17.023s] INFO:colcon.colcon_core.shell:Creating package script '/home/milarb/rs2/src/install/image_processing_pkg/share/image_processing_pkg/package.zsh'
[17.023s] Level 1:colcon.colcon_core.environment:create_file_with_runtime_dependencies(/home/milarb/rs2/src/install/image_processing_pkg/share/colcon-core/packages/image_processing_pkg)
[17.025s] DEBUG:colcon.colcon_parallel_executor.executor.parallel:closing loop
[17.027s] DEBUG:colcon.colcon_parallel_executor.executor.parallel:loop closed
[17.027s] DEBUG:colcon.colcon_parallel_executor.executor.parallel:run_until_complete finished with '1'
[17.027s] DEBUG:colcon.colcon_core.event_reactor:joining thread
[17.113s] INFO:colcon.colcon_core.plugin_system:Skipping extension 'colcon_notification.desktop_notification.notify_send': Could not find 'notify-send'
[17.114s] INFO:colcon.colcon_core.plugin_system:Skipping extension 'colcon_notification.desktop_notification.terminal_notifier': Not used on non-Darwin systems
[17.114s] INFO:colcon.colcon_core.plugin_system:Skipping extension 'colcon_notification.desktop_notification.win32': Not used on non-Windows systems
[17.114s] INFO:colcon.colcon_notification.desktop_notification:Sending desktop notification using 'notify2'
[17.114s] DEBUG:colcon.colcon_notification.desktop_notification.notify2:Failed to initialize notify2: org.freedesktop.DBus.Error.FileNotFound: Failed to connect to socket /run/user/1000/bus: No such file or directory
[17.115s] DEBUG:colcon.colcon_core.event_reactor:joined thread
[17.115s] INFO:colcon.colcon_core.shell:Creating prefix script '/home/milarb/rs2/src/install/local_setup.ps1'
[17.119s] INFO:colcon.colcon_core.shell:Creating prefix util module '/home/milarb/rs2/src/install/_local_setup_util_ps1.py'
[17.122s] INFO:colcon.colcon_core.shell:Creating prefix chain script '/home/milarb/rs2/src/install/setup.ps1'
[17.125s] INFO:colcon.colcon_core.shell:Creating prefix script '/home/milarb/rs2/src/install/local_setup.sh'
[17.126s] INFO:colcon.colcon_core.shell:Creating prefix util module '/home/milarb/rs2/src/install/_local_setup_util_sh.py'
[17.127s] INFO:colcon.colcon_core.shell:Creating prefix chain script '/home/milarb/rs2/src/install/setup.sh'
[17.130s] INFO:colcon.colcon_core.shell:Creating prefix script '/home/milarb/rs2/src/install/local_setup.bash'
[17.131s] INFO:colcon.colcon_core.shell:Creating prefix chain script '/home/milarb/rs2/src/install/setup.bash'
[17.134s] INFO:colcon.colcon_core.shell:Creating prefix script '/home/milarb/rs2/src/install/local_setup.zsh'
[17.135s] INFO:colcon.colcon_core.shell:Creating prefix chain script '/home/milarb/rs2/src/install/setup.zsh'
