[0.016s] Invoking command in '/home/milarb/rs2/src/build/image_processing_pkg': CMAKE_PREFIX_PATH=${CMAKE_PREFIX_PATH}:/home/milarb/rs2/install/selfie_py_pkg:/home/milarb/ros2_ws/install/sjtu_drone_control:/home/milarb/ros2_ws/install/sjtu_drone_bringup:/home/milarb/ros2_ws/install/rs2_package1:/home/milarb/ros2_ws/install/my_package:/opt/ros/humble /usr/bin/cmake /home/milarb/rs2/src/image_processing_pkg -DAMENT_CMAKE_SYMLINK_INSTALL=1 -DCMAKE_INSTALL_PREFIX=/home/milarb/rs2/src/install/image_processing_pkg
[0.185s] -- The C compiler identification is GNU 11.4.0
[0.890s] -- The CXX compiler identification is GNU 11.4.0
[1.434s] -- Detecting C compiler ABI info
[1.535s] -- Detecting C compiler ABI info - done
[1.543s] -- Check for working C compiler: /usr/bin/cc - skipped
[1.543s] -- Detecting C compile features
[1.544s] -- Detecting C compile features - done
[1.546s] -- Detecting CXX compiler ABI info
[1.740s] -- Detecting CXX compiler ABI info - done
[1.744s] -- Check for working CXX compiler: /usr/bin/c++ - skipped
[1.744s] -- Detecting CXX compile features
[1.745s] -- Detecting CXX compile features - done
[1.747s] -- Found ament_cmake: 1.3.11 (/opt/ros/humble/share/ament_cmake/cmake)
[1.883s] -- Found Python3: /usr/bin/python3 (found version "3.10.12") found components: Interpreter 
[1.940s] -- Override CMake install command with custom implementation using symlinks instead of copying resources
[1.973s] -- Found rclcpp: 16.0.12 (/opt/ros/humble/share/rclcpp/cmake)
[2.365s] -- Found rosidl_generator_c: 3.1.6 (/opt/ros/humble/share/rosidl_generator_c/cmake)
[2.370s] -- Found rosidl_adapter: 3.1.6 (/opt/ros/humble/share/rosidl_adapter/cmake)
[2.378s] -- Found rosidl_generator_cpp: 3.1.6 (/opt/ros/humble/share/rosidl_generator_cpp/cmake)
[2.390s] -- Using all available rosidl_typesupport_c: rosidl_typesupport_fastrtps_c;rosidl_typesupport_introspection_c
[2.405s] -- Using all available rosidl_typesupport_cpp: rosidl_typesupport_fastrtps_cpp;rosidl_typesupport_introspection_cpp
[2.451s] -- Found rmw_implementation_cmake: 6.1.2 (/opt/ros/humble/share/rmw_implementation_cmake/cmake)
[2.454s] -- Found rmw_fastrtps_cpp: 6.2.7 (/opt/ros/humble/share/rmw_fastrtps_cpp/cmake)
[4.555s] -- Found OpenSSL: /usr/lib/x86_64-linux-gnu/libcrypto.so (found version "3.0.2")  
[6.820s] -- Found FastRTPS: /opt/ros/humble/include  
[10.874s] -- Using RMW implementation 'rmw_fastrtps_cpp' as default
[10.890s] -- Looking for pthread.h
[11.025s] -- Looking for pthread.h - found
[11.025s] -- Performing Test CMAKE_HAVE_LIBC_PTHREAD
[11.255s] -- Performing Test CMAKE_HAVE_LIBC_PTHREAD - Success
[11.256s] -- Found Threads: TRUE  
[11.308s] -- Found geometry_msgs: 4.8.0 (/opt/ros/humble/share/geometry_msgs/cmake)
[11.324s] -- Found OpenCV: /usr (found version "4.5.4") 
[11.326s] -- Looking for sgemm_
[11.427s] -- Looking for sgemm_ - not found
[15.381s] -- Looking for sgemm_
[15.588s] -- Looking for sgemm_ - found
[15.589s] -- Found BLAS: /usr/lib/x86_64-linux-gnu/libopenblas.so  
[15.589s] [33mCMake Warning (dev) at /home/milarb/dlib/cmake/DLIBConfig.cmake:6 (set):
[15.590s]   Cannot set "DLIB_INCLUDE_DIRS": current scope has no parent.
[15.590s] Call Stack (most recent call first):
[15.590s]   CMakeLists.txt:22 (find_package)
[15.590s] This warning is for project developers.  Use -Wno-dev to suppress it.
[15.590s] [0m
[15.590s] [33mCMake Warning (dev) at /home/milarb/dlib/cmake/DLIBConfig.cmake:7 (set):
[15.590s]   Cannot set "DLIB_LIBRARIES": current scope has no parent.
[15.590s] Call Stack (most recent call first):
[15.590s]   CMakeLists.txt:22 (find_package)
[15.590s] This warning is for project developers.  Use -Wno-dev to suppress it.
[15.590s] [0m
[19.816s] -- Looking for cheev_
[20.026s] -- Looking for cheev_ - found
[20.027s] -- Found LAPACK: /usr/lib/x86_64-linux-gnu/libopenblas.so;-lm;-ldl  
[20.029s] [31mCMake Error at CMakeLists.txt:30 (add_executable):
[20.029s]   add_executable cannot create target "image_node" because another target
[20.029s]   with the same name already exists.  The existing target is an executable
[20.029s]   created in source directory "/home/milarb/rs2/src/image_processing_pkg".
[20.029s]   See documentation for policy CMP0002 for more details.
[20.029s] 
[20.029s] [0m
[20.032s] -- Found ament_lint_auto: 0.12.12 (/opt/ros/humble/share/ament_lint_auto/cmake)
[20.105s] -- Added test 'cppcheck' to perform static code analysis on C / C++ code
[20.106s] -- Configured cppcheck include dirs: 
[20.106s] -- Configured cppcheck exclude dirs and/or files: 
[20.107s] -- Added test 'lint_cmake' to check CMake code style
[20.108s] -- Added test 'uncrustify' to check C / C++ code style
[20.108s] -- Configured uncrustify additional arguments: 
[20.108s] -- Added test 'xmllint' to check XML markup files
[20.110s] -- Configuring incomplete, errors occurred!
[20.110s] See also "/home/milarb/rs2/src/build/image_processing_pkg/CMakeFiles/CMakeOutput.log".
[20.110s] See also "/home/milarb/rs2/src/build/image_processing_pkg/CMakeFiles/CMakeError.log".
[20.122s] Invoked command in '/home/milarb/rs2/src/build/image_processing_pkg' returned '1': CMAKE_PREFIX_PATH=${CMAKE_PREFIX_PATH}:/home/milarb/rs2/install/selfie_py_pkg:/home/milarb/ros2_ws/install/sjtu_drone_control:/home/milarb/ros2_ws/install/sjtu_drone_bringup:/home/milarb/ros2_ws/install/rs2_package1:/home/milarb/ros2_ws/install/my_package:/opt/ros/humble /usr/bin/cmake /home/milarb/rs2/src/image_processing_pkg -DAMENT_CMAKE_SYMLINK_INSTALL=1 -DCMAKE_INSTALL_PREFIX=/home/milarb/rs2/src/install/image_processing_pkg
