[0.016s] Invoking command in '/home/milarb/rs2/src/build/image_processing_pkg': CMAKE_PREFIX_PATH=${CMAKE_PREFIX_PATH}:/home/milarb/rs2/install/selfie_py_pkg:/home/milarb/ros2_ws/install/sjtu_drone_control:/home/milarb/ros2_ws/install/sjtu_drone_bringup:/home/milarb/ros2_ws/install/rs2_package1:/home/milarb/ros2_ws/install/my_package:/opt/ros/humble /usr/bin/cmake /home/milarb/rs2/src/image_processing_pkg -DAMENT_CMAKE_SYMLINK_INSTALL=1 -DCMAKE_INSTALL_PREFIX=/home/milarb/rs2/src/install/image_processing_pkg
[0.024s] -- Found ament_cmake: 1.3.11 (/opt/ros/humble/share/ament_cmake/cmake)
[0.138s] -- Override CMake install command with custom implementation using symlinks instead of copying resources
[0.144s] -- Found rclcpp: 16.0.12 (/opt/ros/humble/share/rclcpp/cmake)
[0.395s] -- Found rosidl_generator_c: 3.1.6 (/opt/ros/humble/share/rosidl_generator_c/cmake)
[0.397s] -- Found rosidl_adapter: 3.1.6 (/opt/ros/humble/share/rosidl_adapter/cmake)
[0.403s] -- Found rosidl_generator_cpp: 3.1.6 (/opt/ros/humble/share/rosidl_generator_cpp/cmake)
[0.413s] -- Using all available rosidl_typesupport_c: rosidl_typesupport_fastrtps_c;rosidl_typesupport_introspection_c
[0.425s] -- Using all available rosidl_typesupport_cpp: rosidl_typesupport_fastrtps_cpp;rosidl_typesupport_introspection_cpp
[0.453s] -- Found rmw_implementation_cmake: 6.1.2 (/opt/ros/humble/share/rmw_implementation_cmake/cmake)
[0.454s] -- Found rmw_fastrtps_cpp: 6.2.7 (/opt/ros/humble/share/rmw_fastrtps_cpp/cmake)
[9.889s] -- Using RMW implementation 'rmw_fastrtps_cpp' as default
[9.931s] -- Found geometry_msgs: 4.8.0 (/opt/ros/humble/share/geometry_msgs/cmake)
[13.462s] [33mCMake Warning (dev) at /home/milarb/dlib/cmake/DLIBConfig.cmake:6 (set):
[13.463s]   Cannot set "DLIB_INCLUDE_DIRS": current scope has no parent.
[13.463s] Call Stack (most recent call first):
[13.463s]   CMakeLists.txt:22 (find_package)
[13.463s] This warning is for project developers.  Use -Wno-dev to suppress it.
[13.463s] [0m
[13.463s] [33mCMake Warning (dev) at /home/milarb/dlib/cmake/DLIBConfig.cmake:7 (set):
[13.463s]   Cannot set "DLIB_LIBRARIES": current scope has no parent.
[13.463s] Call Stack (most recent call first):
[13.463s]   CMakeLists.txt:22 (find_package)
[13.463s] This warning is for project developers.  Use -Wno-dev to suppress it.
[13.463s] [0m
[18.235s] [31mCMake Error at CMakeLists.txt:30 (add_executable):
[18.235s]   add_executable cannot create target "image_processing_node" because another
[18.235s]   target with the same name already exists.  The existing target is an
[18.235s]   executable created in source directory
[18.235s]   "/home/milarb/rs2/src/image_processing_pkg".  See documentation for policy
[18.235s]   CMP0002 for more details.
[18.235s] 
[18.236s] [0m
[18.236s] -- Found ament_lint_auto: 0.12.12 (/opt/ros/humble/share/ament_lint_auto/cmake)
[18.326s] -- Added test 'cppcheck' to perform static code analysis on C / C++ code
[18.326s] -- Configured cppcheck include dirs: 
[18.326s] -- Configured cppcheck exclude dirs and/or files: 
[18.327s] -- Added test 'lint_cmake' to check CMake code style
[18.328s] -- Added test 'uncrustify' to check C / C++ code style
[18.328s] -- Configured uncrustify additional arguments: 
[18.329s] -- Added test 'xmllint' to check XML markup files
[18.331s] -- Configuring incomplete, errors occurred!
[18.331s] See also "/home/milarb/rs2/src/build/image_processing_pkg/CMakeFiles/CMakeOutput.log".
[18.331s] See also "/home/milarb/rs2/src/build/image_processing_pkg/CMakeFiles/CMakeError.log".
[18.342s] Invoked command in '/home/milarb/rs2/src/build/image_processing_pkg' returned '1': CMAKE_PREFIX_PATH=${CMAKE_PREFIX_PATH}:/home/milarb/rs2/install/selfie_py_pkg:/home/milarb/ros2_ws/install/sjtu_drone_control:/home/milarb/ros2_ws/install/sjtu_drone_bringup:/home/milarb/ros2_ws/install/rs2_package1:/home/milarb/ros2_ws/install/my_package:/opt/ros/humble /usr/bin/cmake /home/milarb/rs2/src/image_processing_pkg -DAMENT_CMAKE_SYMLINK_INSTALL=1 -DCMAKE_INSTALL_PREFIX=/home/milarb/rs2/src/install/image_processing_pkg
